# Домашнее задание

## Работа с индексами


### Подготовительные работы
```
otus=# CREATE TABLE employees (
    id bigint GENERATED ALWAYS AS IDENTITY PRIMARY KEY,
        employee_num TEXT NOT NULL,
        first_name TEXT NOT NULL,
        last_name TEXT NOT NULL,
    email TEXT UNIQUE NOT NULL,
        is_active boolean
);
CREATE TABLE

otus=# INSERT INTO employees (employee_num, first_name, last_name, email, is_active)
SELECT uuid, first_name, last_name, first_name || '.' || last_name || '_' || increasing_num || '@group.com' as email, is_active
FROM (
SELECT
        s.a as increasing_num,
        uuid_in(md5(random()::text || random()::text)::cstring) as uuid,
    arrays.firstnames[s.a % ARRAY_LENGTH(arrays.firstnames,1) + 1] AS first_name,
    arrays.lastnames[s.a % ARRAY_LENGTH(arrays.lastnames,1) + 1] AS last_name,
        random() < 0.01 as is_active 
FROM generate_series(1, 100000) AS s(a)
CROSS JOIN(
    SELECT ARRAY[
    'Adam','Bill','Bob','Calvin','Donald','Dwight','Frank','Fred','George','Howard',
    'James','John','Jacob','Jack','Martin','Matthew','Max','Michael',
    'Paul','Peter','Phil','Roland','Ronald','Samuel','Steve','Theo','Warren','William',
    'Abigail','Alice','Allison','Amanda','Anne','Barbara','Betty','Carol','Cleo','Donna',
    'Jane','Jennifer','Julie','Martha','Mary','Melissa','Patty','Sarah','Simone','Susan'
    ] AS firstnames,
    ARRAY[
        'Matthews','Smith','Jones','Davis','Jacobson','Williams','Donaldson','Maxwell','Peterson','Stevens',
        'Franklin','Washington','Jefferson','Adams','Jackson','Johnson','Lincoln','Grant','Fillmore','Harding','Taft',
        'Truman','Nixon','Ford','Carter','Reagan','Bush','Clinton','Hancock'
    ] AS lastnames
) AS arrays) as tmp;
INSERT 0 100000

-- статистика по таблице 

otus=# SELECT attname, correlation FROM pg_stats WHERE tablename = 'employees';
   attname    |  correlation  
--------------+---------------
 id           |             1
 employee_num | 3.3436172e-05
 first_name   |   0.017357923
 last_name    |   0.037830837
 email        | -0.0028235011
 is_active    |     0.9828457
(6 rows)

```

### 1. Создать индекс к какой-либо из таблиц вашей БД. Прислать текстом результат команды explain, в которой используется данный индекс

```
-- стоимость запроса по неиндексированному столбцу 2405.85, используется Seq Scan
EXPLAIN SELECT * FROM employees WHERE employee_num = '8b4ffc25-17c2-3640-6e04-640dc7954615';

otus=# EXPLAIN SELECT * FROM employees WHERE employee_num = '8b4ffc25-17c2-3640-6e04-640dc7954615';
                               QUERY PLAN                                
-------------------------------------------------------------------------
 Seq Scan on employees  (cost=0.00..2405.85 rows=366 width=137)
   Filter: (employee_num = '8b4ffc25-17c2-3640-6e04-640dc7954615'::text)
(2 rows)

-- строим по employee_num индекс
otus=# CREATE INDEX ON employees(employee_num);
CREATE INDEX

-- повторяем запрос, стоимость запроса 8.44, используется Index Scan
otus=# EXPLAIN SELECT * FROM employees WHERE employee_num = '8b4ffc25-17c2-3640-6e04-640dc7954615';
                                         QUERY PLAN                                          
---------------------------------------------------------------------------------------------
 Index Scan using employees_employee_num_idx on employees  (cost=0.42..8.44 rows=1 width=88)
   Index Cond: (employee_num = '8b4ffc25-17c2-3640-6e04-640dc7954615'::text)
(2 rows)

```

### 2. Реализовать индекс для полнотекстового поиска

```
-- реализуем запрос на поиск сотрудников с именем Bill, стоимость запроса составила 4772.00
otus=# EXPLAIN SELECT first_name, last_name, email FROM employees WHERE first_name LIKE 'Bill%';
                           QUERY PLAN                           
----------------------------------------------------------------
 Seq Scan on employees  (cost=0.00..4772.00 rows=2063 width=42)
   Filter: (first_name ~~ 'Bill%'::text)
(2 rows)


-- добавим новый столбец к таблице employees, который будет содержать нормализованную форму почтового адреса

otus=# ALTER TABLE employees ADD COLUMN email_vector tsvector;
ALTER TABLE

-- заполняем столбец 
otus=# UPDATE employees SET email_vector = to_tsvector('english', email);
UPDATE 100000


-- создаем GIN индекс для столбца email_vector

otus=# CREATE INDEX idx_emails_vector ON employees USING gin(email_vector);
CREATE INDEX

-- анализируем запрос, стоимость запроса составила 3187.81
otus=# EXPLAIN SELECT first_name, last_name, email FROM employees WHERE email_vector @@ to_tsquery('english', 'bill:*');
                                     QUERY PLAN                                     
------------------------------------------------------------------------------------
 Bitmap Heap Scan on employees  (cost=39.50..3187.81 rows=2000 width=42)
   Recheck Cond: (email_vector @@ '''bill'':*'::tsquery)
   ->  Bitmap Index Scan on idx_emails_vector  (cost=0.00..39.00 rows=2000 width=0)
         Index Cond: (email_vector @@ '''bill'':*'::tsquery)
(4 rows)
```

### 3. Реализовать индекс на часть таблицы или индекс на поле с функцией
```
-- реализуем запрос на поиск имени, которое начинается с a в lower case, проанализируем и получим стоимость 5272.00
otus=# EXPLAIN SELECT first_name, last_name, email FROM employees WHERE lower(substr(first_name, 1, 1)) = 'a';
                          QUERY PLAN                           
---------------------------------------------------------------
 Seq Scan on employees  (cost=0.00..5272.00 rows=500 width=42)
   Filter: (lower(substr(first_name, 1, 1)) = 'a'::text)
(2 rows)
-- построим функциональный индекс
otus=# CREATE INDEX idx_first_name_first_letter_lower ON employees ((lower(substr(first_name, 1, 1))));
CREATE INDEX

-- проанализируем запрос, стоимость запрос составила 1374.76
otus=# EXPLAIN SELECT first_name, last_name, email FROM employees WHERE lower(substr(first_name, 1, 1)) = 'a';
                                            QUERY PLAN                                            
--------------------------------------------------------------------------------------------------
 Bitmap Heap Scan on employees  (cost=8.17..1374.76 rows=500 width=42)
   Recheck Cond: (lower(substr(first_name, 1, 1)) = 'a'::text)
   ->  Bitmap Index Scan on idx_first_name_first_letter_lower  (cost=0.00..8.04 rows=500 width=0)
         Index Cond: (lower(substr(first_name, 1, 1)) = 'a'::text)
(4 rows)

```
### 4. Создать индекс на несколько полей

```
-- реализуем запрос для поиска сотрудников с именем Bill и фамилией Smith, проанализируем, стоимость составляет 5022.00
otus=# EXPLAIN SELECT first_name, last_name, email FROM employees WHERE first_name = 'Bill' AND last_name = 'Smith';
                               QUERY PLAN                                
-------------------------------------------------------------------------
 Seq Scan on employees  (cost=0.00..5022.00 rows=70 width=42)
   Filter: ((first_name = 'Bill'::text) AND (last_name = 'Smith'::text))
(2 rows)

-- проиндексируем 2 стобца: first_name, last_name

otus=# CREATE INDEX idx_first_last_name ON employees(first_name, last_name);
CREATE INDEX

-- проанализируем исходный запрос, стоимость 256.45

otus=# EXPLAIN SELECT first_name, last_name, email FROM employees WHERE first_name = 'Bill' AND last_name = 'Smith';
                                    QUERY PLAN                                     
-----------------------------------------------------------------------------------
 Bitmap Heap Scan on employees  (cost=5.01..256.45 rows=70 width=42)
   Recheck Cond: ((first_name = 'Bill'::text) AND (last_name = 'Smith'::text))
   ->  Bitmap Index Scan on idx_first_last_name  (cost=0.00..4.99 rows=70 width=0)
         Index Cond: ((first_name = 'Bill'::text) AND (last_name = 'Smith'::text))
(4 rows)


-- стоимость запроса только по столбцу last_name составляет 4772.00

otus=# EXPLAIN SELECT first_name, last_name, email FROM employees WHERE last_name = 'Smith';
                           QUERY PLAN                           
----------------------------------------------------------------
 Seq Scan on employees  (cost=0.00..4772.00 rows=3390 width=42)
   Filter: (last_name = 'Smith'::text)
(2 rows)

```
**Выводы:**
- индекс по неравномерному (3.3436172e-05) полю employee_num уменьшил стоимость запроса с 2405.85 до 8.44;
- использования индекса GIN для поиска по почте уменьшил стоимость c 4772.00 до 3187.81, т.е. на ~34%;
- функциональный индекс для запроса по первой букве имени в lower case уменьшил стоимость запроса с 5272.00 до 1374.76;
- составной индекс по имени и фамилии уменьшил стоимость запроса с 5022.00 до 256.45. Стоит отметить, что запрос только по фамилии приводит к последовательному скану со стоимостью 4772.00. В литературе встречал упоминание, что использование фильтрация не в том порядке, который объявлен при создании индекса так же не приводит к снижению стоимости запроса, однако подтвердить это не удалось, так же используется Bitmap Heap Scan со стоимость 256.45.